<?xml version="1.0" encoding="UTF-8"?>
<!-- Generated by org.testng.reporters.JUnitXMLReporter -->
<testsuite ignored="0" hostname="DESKTOP-VDH52UB" failures="0" tests="6" name="Default test" time="10.608" errors="0" timestamp="2023-11-19T19:55:35 IST">
  <testcase classname="Basics_of_Restassured.AutomateGET" name="extract_response" time="2.669"/>
  <testcase classname="Basics_of_Restassured.AutomateGET" name="extract_single_value_from_response" time="1.867"/>
  <testcase classname="Basics_of_Restassured.AutomateGET" name="hamcrest_assert_on_extracted_response" time="1.519"/>
  <testcase classname="Basics_of_Restassured.AutomateGET" name="log_only_if_error" time="1.316"/>
  <testcase classname="Basics_of_Restassured.AutomateGET" name="request_response_logging_operations" time="1.468"/>
  <testcase classname="Basics_of_Restassured.AutomateGET" name="validate_get_status_code" time="1.715"/>
</testsuite> <!-- Default test -->
